# JRE version: OpenJDK Runtime Environment (11.0.12+7) (build 11.0.12+7-b1504.28-7817840)
# Java VM: OpenJDK 64-Bit Server VM (11.0.12+7-b1504.28-7817840, mixed mode, tiered, compressed oops, g1 gc, windows-amd64)
Heap:
 garbage-first heap   total 121856K, used 91776K [0x0000000080000000, 0x0000000100000000)
  region size 1024K, 41 young (41984K), 6 survivors (6144K)
 Metaspace       used 70982K, capacity 72652K, committed 72832K, reserved 1112064K
  class space    used 9238K, capacity 9844K, committed 9856K, reserved 1048576K
GC Heap History (20 events):
Event: 4.821 GC heap before
{Heap before GC invocations=15 (full 0):
 garbage-first heap   total 83968K, used 59037K [0x0000000080000000, 0x0000000100000000)
  region size 1024K, 34 young (34816K), 4 survivors (4096K)
 Metaspace       used 39906K, capacity 40831K, committed 41088K, reserved 1085440K
  class space    used 5084K, capacity 5429K, committed 5504K, reserved 1048576K
}
Event: 4.827 GC heap after
{Heap after GC invocations=16 (full 0):
 garbage-first heap   total 83968K, used 27927K [0x0000000080000000, 0x0000000100000000)
  region size 1024K, 5 young (5120K), 5 survivors (5120K)
 Metaspace       used 39906K, capacity 40831K, committed 41088K, reserved 1085440K
  class space    used 5084K, capacity 5429K, committed 5504K, reserved 1048576K
}
Event: 5.172 GC heap before
{Heap before GC invocations=16 (full 0):
 garbage-first heap   total 83968K, used 58647K [0x0000000080000000, 0x0000000100000000)
  region size 1024K, 35 young (35840K), 5 survivors (5120K)
 Metaspace       used 42342K, capacity 43358K, committed 43520K, reserved 1087488K
  class space    used 5463K, capacity 5817K, committed 5888K, reserved 1048576K
}
Event: 5.180 GC heap after
{Heap after GC invocations=17 (full 0):
 garbage-first heap   total 83968K, used 29115K [0x0000000080000000, 0x0000000100000000)
  region size 1024K, 4 young (4096K), 4 survivors (4096K)
 Metaspace       used 42342K, capacity 43358K, committed 43520K, reserved 1087488K
  class space    used 5463K, capacity 5817K, committed 5888K, reserved 1048576K
}
Event: 5.540 GC heap before
{Heap before GC invocations=17 (full 0):
 garbage-first heap   total 83968K, used 59835K [0x0000000080000000, 0x0000000100000000)
  region size 1024K, 34 young (34816K), 4 survivors (4096K)
 Metaspace       used 45163K, capacity 46389K, committed 46720K, reserved 1089536K
  class space    used 5797K, capacity 6189K, committed 6272K, reserved 1048576K
}
Event: 5.546 GC heap after
{Heap after GC invocations=18 (full 0):
 garbage-first heap   total 101376K, used 30687K [0x0000000080000000, 0x0000000100000000)
  region size 1024K, 3 young (3072K), 3 survivors (3072K)
 Metaspace       used 45163K, capacity 46389K, committed 46720K, reserved 1089536K
  class space    used 5797K, capacity 6189K, committed 6272K, reserved 1048576K
}
Event: 6.164 GC heap before
{Heap before GC invocations=18 (full 0):
 garbage-first heap   total 101376K, used 67551K [0x0000000080000000, 0x0000000100000000)
  region size 1024K, 39 young (39936K), 3 survivors (3072K)
 Metaspace       used 47684K, capacity 48921K, committed 49024K, reserved 1091584K
  class space    used 6111K, capacity 6520K, committed 6528K, reserved 1048576K
}
Event: 6.170 GC heap after
{Heap after GC invocations=19 (full 0):
 garbage-first heap   total 101376K, used 32945K [0x0000000080000000, 0x0000000100000000)
  region size 1024K, 4 young (4096K), 4 survivors (4096K)
 Metaspace       used 47684K, capacity 48921K, committed 49024K, reserved 1091584K
  class space    used 6111K, capacity 6520K, committed 6528K, reserved 1048576K
}
Event: 6.879 GC heap before
{Heap before GC invocations=19 (full 0):
 garbage-first heap   total 101376K, used 74929K [0x0000000080000000, 0x0000000100000000)
  region size 1024K, 42 young (43008K), 4 survivors (4096K)
 Metaspace       used 48644K, capacity 49958K, committed 50048K, reserved 1093632K
  class space    used 6223K, capacity 6710K, committed 6784K, reserved 1048576K
}
Event: 6.889 GC heap after
{Heap after GC invocations=20 (full 0):
 garbage-first heap   total 101376K, used 45133K [0x0000000080000000, 0x0000000100000000)
  region size 1024K, 6 young (6144K), 6 survivors (6144K)
 Metaspace       used 48644K, capacity 49958K, committed 50048K, reserved 1093632K
  class space    used 6223K, capacity 6710K, committed 6784K, reserved 1048576K
}
Event: 7.347 GC heap before
{Heap before GC invocations=20 (full 0):
 garbage-first heap   total 101376K, used 75853K [0x0000000080000000, 0x0000000100000000)
  region size 1024K, 36 young (36864K), 6 survivors (6144K)
 Metaspace       used 52438K, capacity 53913K, committed 54144K, reserved 1095680K
  class space    used 6704K, capacity 7185K, committed 7296K, reserved 1048576K
}
Event: 7.352 GC heap after
{Heap after GC invocations=21 (full 0):
 garbage-first heap   total 101376K, used 46588K [0x0000000080000000, 0x0000000100000000)
  region size 1024K, 2 young (2048K), 2 survivors (2048K)
 Metaspace       used 52438K, capacity 53913K, committed 54144K, reserved 1095680K
  class space    used 6704K, capacity 7185K, committed 7296K, reserved 1048576K
}
Event: 7.859 GC heap before
{Heap before GC invocations=21 (full 0):
 garbage-first heap   total 101376K, used 77308K [0x0000000080000000, 0x0000000100000000)
  region size 1024K, 32 young (32768K), 2 survivors (2048K)
 Metaspace       used 57144K, capacity 58699K, committed 58752K, reserved 1099776K
  class space    used 7259K, capacity 7775K, committed 7808K, reserved 1048576K
}
Event: 7.863 GC heap after
{Heap after GC invocations=22 (full 0):
 garbage-first heap   total 121856K, used 47718K [0x0000000080000000, 0x0000000100000000)
  region size 1024K, 3 young (3072K), 3 survivors (3072K)
 Metaspace       used 57144K, capacity 58699K, committed 58752K, reserved 1099776K
  class space    used 7259K, capacity 7775K, committed 7808K, reserved 1048576K
}
Event: 8.499 GC heap before
{Heap before GC invocations=23 (full 0):
 garbage-first heap   total 121856K, used 87654K [0x0000000080000000, 0x0000000100000000)
  region size 1024K, 43 young (44032K), 3 survivors (3072K)
 Metaspace       used 61992K, capacity 63577K, committed 63744K, reserved 1103872K
  class space    used 7883K, capacity 8441K, committed 8448K, reserved 1048576K
}
Event: 8.506 GC heap after
{Heap after GC invocations=24 (full 0):
 garbage-first heap   total 121856K, used 51314K [0x0000000080000000, 0x0000000100000000)
  region size 1024K, 6 young (6144K), 6 survivors (6144K)
 Metaspace       used 61992K, capacity 63577K, committed 63744K, reserved 1103872K
  class space    used 7883K, capacity 8441K, committed 8448K, reserved 1048576K
}
Event: 8.987 GC heap before
{Heap before GC invocations=24 (full 0):
 garbage-first heap   total 121856K, used 93298K [0x0000000080000000, 0x0000000100000000)
  region size 1024K, 46 young (47104K), 6 survivors (6144K)
 Metaspace       used 65080K, capacity 66742K, committed 66816K, reserved 1107968K
  class space    used 8296K, capacity 8886K, committed 8960K, reserved 1048576K
}
Event: 8.996 GC heap after
{Heap after GC invocations=25 (full 0):
 garbage-first heap   total 121856K, used 53747K [0x0000000080000000, 0x0000000100000000)
  region size 1024K, 3 young (3072K), 3 survivors (3072K)
 Metaspace       used 65080K, capacity 66742K, committed 66816K, reserved 1107968K
  class space    used 8296K, capacity 8886K, committed 8960K, reserved 1048576K
}
Event: 9.366 GC heap before
{Heap before GC invocations=25 (full 0):
 garbage-first heap   total 121856K, used 94707K [0x0000000080000000, 0x0000000100000000)
  region size 1024K, 43 young (44032K), 3 survivors (3072K)
 Metaspace       used 66729K, capacity 68462K, committed 68608K, reserved 1107968K
  class space    used 8527K, capacity 9118K, committed 9216K, reserved 1048576K
}
Event: 9.372 GC heap after
{Heap after GC invocations=26 (full 0):
 garbage-first heap   total 121856K, used 56960K [0x0000000080000000, 0x0000000100000000)
  region size 1024K, 6 young (6144K), 6 survivors (6144K)
 Metaspace       used 66729K, capacity 68462K, committed 68608K, reserved 1107968K
  class space    used 8527K, capacity 9118K, committed 9216K, reserved 1048576K
}

