# JRE version: OpenJDK Runtime Environment (11.0.12+7) (build 11.0.12+7-b1504.28-7817840)
# Java VM: OpenJDK 64-Bit Server VM (11.0.12+7-b1504.28-7817840, mixed mode, tiered, compressed oops, g1 gc, windows-amd64)
Heap:
 garbage-first heap   total 323584K, used 106381K [0x0000000080000000, 0x0000000100000000)
  region size 1024K, 10 young (10240K), 2 survivors (2048K)
 Metaspace       used 97417K, capacity 99717K, committed 99916K, reserved 1136640K
  class space    used 12285K, capacity 13094K, committed 13184K, reserved 1048576K
GC Heap History (20 events):
Event: 27.763 GC heap before
{Heap before GC invocations=73 (full 0):
 garbage-first heap   total 180224K, used 120692K [0x0000000080000000, 0x0000000100000000)
  region size 1024K, 35 young (35840K), 1 survivors (1024K)
 Metaspace       used 94433K, capacity 96623K, committed 96844K, reserved 1132544K
  class space    used 12000K, capacity 12804K, committed 12928K, reserved 1048576K
}
Event: 27.766 GC heap after
{Heap after GC invocations=74 (full 0):
 garbage-first heap   total 180224K, used 86145K [0x0000000080000000, 0x0000000100000000)
  region size 1024K, 1 young (1024K), 1 survivors (1024K)
 Metaspace       used 94433K, capacity 96623K, committed 96844K, reserved 1132544K
  class space    used 12000K, capacity 12804K, committed 12928K, reserved 1048576K
}
Event: 28.821 GC heap before
{Heap before GC invocations=75 (full 0):
 garbage-first heap   total 180224K, used 127105K [0x0000000080000000, 0x0000000100000000)
  region size 1024K, 44 young (45056K), 1 survivors (1024K)
 Metaspace       used 95439K, capacity 97673K, committed 97868K, reserved 1134592K
  class space    used 12089K, capacity 12886K, committed 12928K, reserved 1048576K
}
Event: 28.829 GC heap after
{Heap after GC invocations=76 (full 0):
 garbage-first heap   total 180224K, used 88132K [0x0000000080000000, 0x0000000100000000)
  region size 1024K, 5 young (5120K), 5 survivors (5120K)
 Metaspace       used 95439K, capacity 97673K, committed 97868K, reserved 1134592K
  class space    used 12089K, capacity 12886K, committed 12928K, reserved 1048576K
}
Event: 29.069 GC heap before
{Heap before GC invocations=76 (full 0):
 garbage-first heap   total 180224K, used 90180K [0x0000000080000000, 0x0000000100000000)
  region size 1024K, 8 young (8192K), 5 survivors (5120K)
 Metaspace       used 95447K, capacity 97677K, committed 97868K, reserved 1134592K
  class space    used 12089K, capacity 12886K, committed 12928K, reserved 1048576K
}
Event: 29.077 GC heap after
{Heap after GC invocations=77 (full 0):
 garbage-first heap   total 180224K, used 85782K [0x0000000080000000, 0x0000000100000000)
  region size 1024K, 1 young (1024K), 1 survivors (1024K)
 Metaspace       used 95447K, capacity 97677K, committed 97868K, reserved 1134592K
  class space    used 12089K, capacity 12886K, committed 12928K, reserved 1048576K
}
Event: 30.908 GC heap before
{Heap before GC invocations=77 (full 0):
 garbage-first heap   total 180224K, used 128790K [0x0000000080000000, 0x0000000100000000)
  region size 1024K, 44 young (45056K), 1 survivors (1024K)
 Metaspace       used 95548K, capacity 97829K, committed 97868K, reserved 1134592K
  class space    used 12092K, capacity 12889K, committed 12928K, reserved 1048576K
}
Event: 30.914 GC heap after
{Heap after GC invocations=78 (full 0):
 garbage-first heap   total 180224K, used 87482K [0x0000000080000000, 0x0000000100000000)
  region size 1024K, 3 young (3072K), 3 survivors (3072K)
 Metaspace       used 95548K, capacity 97829K, committed 97868K, reserved 1134592K
  class space    used 12092K, capacity 12889K, committed 12928K, reserved 1048576K
}
Event: 55.023 GC heap before
{Heap before GC invocations=79 (full 0):
 garbage-first heap   total 180224K, used 132538K [0x0000000080000000, 0x0000000100000000)
  region size 1024K, 48 young (49152K), 3 survivors (3072K)
 Metaspace       used 96375K, capacity 98713K, committed 98764K, reserved 1134592K
  class space    used 12176K, capacity 13017K, committed 13056K, reserved 1048576K
}
Event: 55.741 GC heap after
{Heap after GC invocations=80 (full 0):
 garbage-first heap   total 180224K, used 90810K [0x0000000080000000, 0x0000000100000000)
  region size 1024K, 6 young (6144K), 6 survivors (6144K)
 Metaspace       used 96375K, capacity 98713K, committed 98764K, reserved 1134592K
  class space    used 12176K, capacity 13017K, committed 13056K, reserved 1048576K
}
Event: 66.658 GC heap before
{Heap before GC invocations=80 (full 0):
 garbage-first heap   total 180224K, used 92858K [0x0000000080000000, 0x0000000100000000)
  region size 1024K, 8 young (8192K), 6 survivors (6144K)
 Metaspace       used 96562K, capacity 98919K, committed 99020K, reserved 1134592K
  class space    used 12198K, capacity 13022K, committed 13056K, reserved 1048576K
}
Event: 67.027 GC heap after
{Heap after GC invocations=81 (full 0):
 garbage-first heap   total 323584K, used 90612K [0x0000000080000000, 0x0000000100000000)
  region size 1024K, 1 young (1024K), 1 survivors (1024K)
 Metaspace       used 96562K, capacity 98919K, committed 99020K, reserved 1134592K
  class space    used 12198K, capacity 13022K, committed 13056K, reserved 1048576K
}
Event: 67.432 GC heap before
{Heap before GC invocations=81 (full 0):
 garbage-first heap   total 323584K, used 104948K [0x0000000080000000, 0x0000000100000000)
  region size 1024K, 15 young (15360K), 1 survivors (1024K)
 Metaspace       used 96974K, capacity 99310K, committed 99660K, reserved 1136640K
  class space    used 12242K, capacity 13088K, committed 13184K, reserved 1048576K
}
Event: 67.482 GC heap after
{Heap after GC invocations=82 (full 0):
 garbage-first heap   total 323584K, used 94014K [0x0000000080000000, 0x0000000100000000)
  region size 1024K, 2 young (2048K), 2 survivors (2048K)
 Metaspace       used 96974K, capacity 99310K, committed 99660K, reserved 1136640K
  class space    used 12242K, capacity 13088K, committed 13184K, reserved 1048576K
}
Event: 67.795 GC heap before
{Heap before GC invocations=82 (full 0):
 garbage-first heap   total 323584K, used 106302K [0x0000000080000000, 0x0000000100000000)
  region size 1024K, 15 young (15360K), 2 survivors (2048K)
 Metaspace       used 97026K, capacity 99374K, committed 99660K, reserved 1136640K
  class space    used 12251K, capacity 13088K, committed 13184K, reserved 1048576K
}
Event: 67.808 GC heap after
{Heap after GC invocations=83 (full 0):
 garbage-first heap   total 323584K, used 98299K [0x0000000080000000, 0x0000000100000000)
  region size 1024K, 2 young (2048K), 2 survivors (2048K)
 Metaspace       used 97026K, capacity 99374K, committed 99660K, reserved 1136640K
  class space    used 12251K, capacity 13088K, committed 13184K, reserved 1048576K
}
Event: 68.075 GC heap before
{Heap before GC invocations=83 (full 0):
 garbage-first heap   total 323584K, used 111611K [0x0000000080000000, 0x0000000100000000)
  region size 1024K, 15 young (15360K), 2 survivors (2048K)
 Metaspace       used 97224K, capacity 99502K, committed 99660K, reserved 1136640K
  class space    used 12267K, capacity 13088K, committed 13184K, reserved 1048576K
}
Event: 68.081 GC heap after
{Heap after GC invocations=84 (full 0):
 garbage-first heap   total 323584K, used 100248K [0x0000000080000000, 0x0000000100000000)
  region size 1024K, 2 young (2048K), 2 survivors (2048K)
 Metaspace       used 97224K, capacity 99502K, committed 99660K, reserved 1136640K
  class space    used 12267K, capacity 13088K, committed 13184K, reserved 1048576K
}
Event: 69.135 GC heap before
{Heap before GC invocations=84 (full 0):
 garbage-first heap   total 323584K, used 116632K [0x0000000080000000, 0x0000000100000000)
  region size 1024K, 19 young (19456K), 2 survivors (2048K)
 Metaspace       used 97383K, capacity 99710K, committed 99916K, reserved 1136640K
  class space    used 12280K, capacity 13093K, committed 13184K, reserved 1048576K
}
Event: 69.139 GC heap after
{Heap after GC invocations=85 (full 0):
 garbage-first heap   total 323584K, used 100237K [0x0000000080000000, 0x0000000100000000)
  region size 1024K, 2 young (2048K), 2 survivors (2048K)
 Metaspace       used 97383K, capacity 99710K, committed 99916K, reserved 1136640K
  class space    used 12280K, capacity 13093K, committed 13184K, reserved 1048576K
}

